0 info it worked if it ends with ok
1 verbose cli [ '/usr/local/bin/node', '/usr/local/bin/npm', 'publish' ]
2 info using npm@1.2.32
3 info using node@v0.10.12
4 verbose publish [ '.' ]
5 verbose read json /home/jose/etherpad-lite/node_modules/ep_copy_paste_select_all/package.json
6 verbose cache add [ '.', null ]
7 verbose cache add name=undefined spec="." args=[".",null]
8 verbose parsed url { protocol: null,
8 verbose parsed url   slashes: null,
8 verbose parsed url   auth: null,
8 verbose parsed url   host: null,
8 verbose parsed url   port: null,
8 verbose parsed url   hostname: null,
8 verbose parsed url   hash: null,
8 verbose parsed url   search: null,
8 verbose parsed url   query: null,
8 verbose parsed url   pathname: '.',
8 verbose parsed url   path: '.',
8 verbose parsed url   href: '.' }
9 silly lockFile 3a52ce78- .
10 verbose lock . /home/jose/.npm/3a52ce78-.lock
11 verbose read json package.json
12 verbose tar pack [ '/home/jose/tmp/npm-4798/1387508706284-0.9760939094703645/tmp.tgz',
12 verbose tar pack   '.' ]
13 verbose tarball /home/jose/tmp/npm-4798/1387508706284-0.9760939094703645/tmp.tgz
14 verbose folder .
15 info prepublish ep_copy_paste_select_all@0.0.1
16 silly lockFile 1f1177db-tar tar://.
17 verbose lock tar://. /home/jose/.npm/1f1177db-tar.lock
18 silly lockFile 91ec6aec-06284-0-9760939094703645-tmp-tgz tar:///home/jose/tmp/npm-4798/1387508706284-0.9760939094703645/tmp.tgz
19 verbose lock tar:///home/jose/tmp/npm-4798/1387508706284-0.9760939094703645/tmp.tgz /home/jose/.npm/91ec6aec-06284-0-9760939094703645-tmp-tgz.lock
20 silly lockFile 1f1177db-tar tar://.
21 silly lockFile 1f1177db-tar tar://.
22 silly lockFile 91ec6aec-06284-0-9760939094703645-tmp-tgz tar:///home/jose/tmp/npm-4798/1387508706284-0.9760939094703645/tmp.tgz
23 silly lockFile 91ec6aec-06284-0-9760939094703645-tmp-tgz tar:///home/jose/tmp/npm-4798/1387508706284-0.9760939094703645/tmp.tgz
24 verbose tar unpack /home/jose/tmp/npm-4798/1387508706284-0.9760939094703645/tmp.tgz
25 silly lockFile 9cc8730d-06284-0-9760939094703645-package tar:///home/jose/tmp/npm-4798/1387508706284-0.9760939094703645/package
26 verbose lock tar:///home/jose/tmp/npm-4798/1387508706284-0.9760939094703645/package /home/jose/.npm/9cc8730d-06284-0-9760939094703645-package.lock
27 silly lockFile 91ec6aec-06284-0-9760939094703645-tmp-tgz tar:///home/jose/tmp/npm-4798/1387508706284-0.9760939094703645/tmp.tgz
28 verbose lock tar:///home/jose/tmp/npm-4798/1387508706284-0.9760939094703645/tmp.tgz /home/jose/.npm/91ec6aec-06284-0-9760939094703645-tmp-tgz.lock
29 silly gunzTarPerm modes [ '755', '644' ]
30 silly gunzTarPerm extractEntry package.json
31 silly gunzTarPerm extractEntry README.md
32 silly gunzTarPerm extractEntry copy_paste_select_all.js
33 silly gunzTarPerm extractEntry .ep_initialized
34 silly gunzTarPerm extractEntry .travis.yml
35 silly gunzTarPerm extractEntry ep.json
36 silly gunzTarPerm extractEntry static/css/iframe.css
37 silly gunzTarPerm extractEntry static/css/page_view.css
38 silly gunzTarPerm extractEntry static/js/copy_paste_select_all.js
39 silly gunzTarPerm extractEntry templates/copy_paste_select_all_menu.ejs
40 verbose read json /home/jose/tmp/npm-4798/1387508706284-0.9760939094703645/package/package.json
41 silly lockFile 9cc8730d-06284-0-9760939094703645-package tar:///home/jose/tmp/npm-4798/1387508706284-0.9760939094703645/package
42 silly lockFile 9cc8730d-06284-0-9760939094703645-package tar:///home/jose/tmp/npm-4798/1387508706284-0.9760939094703645/package
43 silly lockFile 91ec6aec-06284-0-9760939094703645-tmp-tgz tar:///home/jose/tmp/npm-4798/1387508706284-0.9760939094703645/tmp.tgz
44 silly lockFile 91ec6aec-06284-0-9760939094703645-tmp-tgz tar:///home/jose/tmp/npm-4798/1387508706284-0.9760939094703645/tmp.tgz
45 verbose from cache /home/jose/tmp/npm-4798/1387508706284-0.9760939094703645/package/package.json
46 verbose tar pack [ '/home/jose/.npm/ep_copy_paste_select_all/0.0.1/package.tgz',
46 verbose tar pack   '/home/jose/tmp/npm-4798/1387508706284-0.9760939094703645/package' ]
47 verbose tarball /home/jose/.npm/ep_copy_paste_select_all/0.0.1/package.tgz
48 verbose folder /home/jose/tmp/npm-4798/1387508706284-0.9760939094703645/package
49 silly lockFile 9cc8730d-06284-0-9760939094703645-package tar:///home/jose/tmp/npm-4798/1387508706284-0.9760939094703645/package
50 verbose lock tar:///home/jose/tmp/npm-4798/1387508706284-0.9760939094703645/package /home/jose/.npm/9cc8730d-06284-0-9760939094703645-package.lock
51 silly lockFile 3a1c1bb7-ste-select-all-0-0-1-package-tgz tar:///home/jose/.npm/ep_copy_paste_select_all/0.0.1/package.tgz
52 verbose lock tar:///home/jose/.npm/ep_copy_paste_select_all/0.0.1/package.tgz /home/jose/.npm/3a1c1bb7-ste-select-all-0-0-1-package-tgz.lock
53 silly lockFile 9cc8730d-06284-0-9760939094703645-package tar:///home/jose/tmp/npm-4798/1387508706284-0.9760939094703645/package
54 silly lockFile 9cc8730d-06284-0-9760939094703645-package tar:///home/jose/tmp/npm-4798/1387508706284-0.9760939094703645/package
55 silly lockFile 3a1c1bb7-ste-select-all-0-0-1-package-tgz tar:///home/jose/.npm/ep_copy_paste_select_all/0.0.1/package.tgz
56 silly lockFile 3a1c1bb7-ste-select-all-0-0-1-package-tgz tar:///home/jose/.npm/ep_copy_paste_select_all/0.0.1/package.tgz
57 silly lockFile 72397bf9-y-paste-select-all-0-0-1-package /home/jose/.npm/ep_copy_paste_select_all/0.0.1/package
58 verbose lock /home/jose/.npm/ep_copy_paste_select_all/0.0.1/package /home/jose/.npm/72397bf9-y-paste-select-all-0-0-1-package.lock
59 silly lockFile 72397bf9-y-paste-select-all-0-0-1-package /home/jose/.npm/ep_copy_paste_select_all/0.0.1/package
60 silly lockFile 72397bf9-y-paste-select-all-0-0-1-package /home/jose/.npm/ep_copy_paste_select_all/0.0.1/package
61 verbose tar unpack /home/jose/.npm/ep_copy_paste_select_all/0.0.1/package.tgz
62 silly lockFile 46258d6b-y-paste-select-all-0-0-1-package tar:///home/jose/.npm/ep_copy_paste_select_all/0.0.1/package
63 verbose lock tar:///home/jose/.npm/ep_copy_paste_select_all/0.0.1/package /home/jose/.npm/46258d6b-y-paste-select-all-0-0-1-package.lock
64 silly lockFile 3a1c1bb7-ste-select-all-0-0-1-package-tgz tar:///home/jose/.npm/ep_copy_paste_select_all/0.0.1/package.tgz
65 verbose lock tar:///home/jose/.npm/ep_copy_paste_select_all/0.0.1/package.tgz /home/jose/.npm/3a1c1bb7-ste-select-all-0-0-1-package-tgz.lock
66 silly gunzTarPerm modes [ '755', '644' ]
67 silly gunzTarPerm extractEntry package.json
68 silly gunzTarPerm extractEntry README.md
69 silly gunzTarPerm extractEntry copy_paste_select_all.js
70 silly gunzTarPerm extractEntry .ep_initialized
71 silly gunzTarPerm extractEntry .travis.yml
72 silly gunzTarPerm extractEntry ep.json
73 silly gunzTarPerm extractEntry static/css/iframe.css
74 silly gunzTarPerm extractEntry static/css/page_view.css
75 silly gunzTarPerm extractEntry static/js/copy_paste_select_all.js
76 silly gunzTarPerm extractEntry templates/copy_paste_select_all_menu.ejs
77 verbose read json /home/jose/.npm/ep_copy_paste_select_all/0.0.1/package/package.json
78 silly lockFile 46258d6b-y-paste-select-all-0-0-1-package tar:///home/jose/.npm/ep_copy_paste_select_all/0.0.1/package
79 silly lockFile 46258d6b-y-paste-select-all-0-0-1-package tar:///home/jose/.npm/ep_copy_paste_select_all/0.0.1/package
80 silly lockFile 3a1c1bb7-ste-select-all-0-0-1-package-tgz tar:///home/jose/.npm/ep_copy_paste_select_all/0.0.1/package.tgz
81 silly lockFile 3a1c1bb7-ste-select-all-0-0-1-package-tgz tar:///home/jose/.npm/ep_copy_paste_select_all/0.0.1/package.tgz
82 verbose from cache /home/jose/.npm/ep_copy_paste_select_all/0.0.1/package/package.json
83 verbose chmod /home/jose/.npm/ep_copy_paste_select_all/0.0.1/package.tgz 644
84 verbose chown /home/jose/.npm/ep_copy_paste_select_all/0.0.1/package.tgz [ 1000, 1000 ]
85 silly lockFile 3a52ce78- .
86 silly lockFile 3a52ce78- .
87 silly publish { name: 'ep_copy_paste_select_all',
87 silly publish   version: '0.0.1',
87 silly publish   keywords: [ 'select all' ],
87 silly publish   description: 'Add support to do Copy Paste and Select All in File menu',
87 silly publish   contributors:
87 silly publish    [ { name: 'John McLear',
87 silly publish        email: 'john@mclear.co.uk',
87 silly publish        url: 'http://mclear.co.uk' } ],
87 silly publish   repository:
87 silly publish    { type: 'git',
87 silly publish      url: 'git://github.com/ether/ep_copy_paste_select_all.git' },
87 silly publish   dependencies: {},
87 silly publish   engines: { node: '*' },
87 silly publish   readme: '# Select all, Copy, Paste and Find / Replace\n\nYounger, slimmer, better looking and more fashionable than us.\n\nI am nodeJS\n\n',
87 silly publish   readmeFilename: 'README.md',
87 silly publish   bugs: { url: 'https://github.com/ether/ep_copy_paste_select_all/issues' },
87 silly publish   _id: 'ep_copy_paste_select_all@0.0.1',
87 silly publish   dist: { shasum: '5913dcfea1168328f85b83c48f12fff1eb75e986' },
87 silly publish   _from: '.' }
88 verbose url raw ep_copy_paste_select_all
89 verbose url resolving [ 'https://registry.npmjs.org/', './ep_copy_paste_select_all' ]
90 verbose url resolved https://registry.npmjs.org/ep_copy_paste_select_all
91 info trying registry request attempt 1 at 03:05:06
92 http PUT https://registry.npmjs.org/ep_copy_paste_select_all
93 http 409 https://registry.npmjs.org/ep_copy_paste_select_all
94 verbose url raw ep_copy_paste_select_all
95 verbose url resolving [ 'https://registry.npmjs.org/', './ep_copy_paste_select_all' ]
96 verbose url resolved https://registry.npmjs.org/ep_copy_paste_select_all
97 info trying registry request attempt 1 at 03:05:13
98 http GET https://registry.npmjs.org/ep_copy_paste_select_all
99 http 200 https://registry.npmjs.org/ep_copy_paste_select_all
100 error publish fail Cannot publish over existing version.
100 error publish fail Update the 'version' field in package.json and try again.
100 error publish fail
100 error publish fail If the previous version was published in error, see:
100 error publish fail     npm help unpublish
100 error publish fail
100 error publish fail To automatically increment version numbers, see:
100 error publish fail     npm help version
101 error System Linux 3.5.0-17-generic
102 error command "/usr/local/bin/node" "/usr/local/bin/npm" "publish"
103 error cwd /home/jose/etherpad-lite/node_modules/ep_copy_paste_select_all
104 error node -v v0.10.12
105 error npm -v 1.2.32
106 error code EPUBLISHCONFLICT
107 verbose exit [ 1, true ]
